c:\users\spart\onedrive\documents\visual studio 2015\projects\etgg2802\etgg2802\debug\vc140.pdb
c:\users\spart\onedrive\documents\visual studio 2015\projects\etgg2802\etgg2802\debug\vc140.idb
c:\users\spart\onedrive\documents\visual studio 2015\projects\etgg2802\etgg2802\debug\pngwrite.obj
c:\users\spart\onedrive\documents\visual studio 2015\projects\etgg2802\etgg2802\debug\pngwtran.obj
c:\users\spart\onedrive\documents\visual studio 2015\projects\etgg2802\etgg2802\debug\pngwutil.obj
c:\users\spart\onedrive\documents\visual studio 2015\projects\etgg2802\etgg2802\debug\psy.obj
c:\users\spart\onedrive\documents\visual studio 2015\projects\etgg2802\etgg2802\debug\registry.obj
c:\users\spart\onedrive\documents\visual studio 2015\projects\etgg2802\etgg2802\debug\res0.obj
c:\users\spart\onedrive\documents\visual studio 2015\projects\etgg2802\etgg2802\debug\sdlnet.obj
c:\users\spart\onedrive\documents\visual studio 2015\projects\etgg2802\etgg2802\debug\sdlnetselect.obj
c:\users\spart\onedrive\documents\visual studio 2015\projects\etgg2802\etgg2802\debug\sdlnettcp.obj
c:\users\spart\onedrive\documents\visual studio 2015\projects\etgg2802\etgg2802\debug\sdlnetudp.obj
c:\users\spart\onedrive\documents\visual studio 2015\projects\etgg2802\etgg2802\debug\sharedbook.obj
c:\users\spart\onedrive\documents\visual studio 2015\projects\etgg2802\etgg2802\debug\smallft.obj
c:\users\spart\onedrive\documents\visual studio 2015\projects\etgg2802\etgg2802\debug\synthesis.obj
c:\users\spart\onedrive\documents\visual studio 2015\projects\etgg2802\etgg2802\debug\trees.obj
c:\users\spart\onedrive\documents\visual studio 2015\projects\etgg2802\etgg2802\debug\uncompr.obj
c:\users\spart\onedrive\documents\visual studio 2015\projects\etgg2802\etgg2802\debug\vorbisenc.obj
c:\users\spart\onedrive\documents\visual studio 2015\projects\etgg2802\etgg2802\debug\vorbisfile.obj
c:\users\spart\onedrive\documents\visual studio 2015\projects\etgg2802\etgg2802\debug\wavestream.obj
c:\users\spart\onedrive\documents\visual studio 2015\projects\etgg2802\etgg2802\debug\window.obj
c:\users\spart\onedrive\documents\visual studio 2015\projects\etgg2802\etgg2802\debug\zutil.obj
c:\users\spart\onedrive\documents\visual studio 2015\projects\etgg2802\etgg2802\debug\mixer.obj
c:\users\spart\onedrive\documents\visual studio 2015\projects\etgg2802\etgg2802\debug\music.obj
c:\users\spart\onedrive\documents\visual studio 2015\projects\etgg2802\etgg2802\debug\music_cmd.obj
c:\users\spart\onedrive\documents\visual studio 2015\projects\etgg2802\etgg2802\debug\music_flac.obj
c:\users\spart\onedrive\documents\visual studio 2015\projects\etgg2802\etgg2802\debug\music_mad.obj
c:\users\spart\onedrive\documents\visual studio 2015\projects\etgg2802\etgg2802\debug\music_mod.obj
c:\users\spart\onedrive\documents\visual studio 2015\projects\etgg2802\etgg2802\debug\music_modplug.obj
c:\users\spart\onedrive\documents\visual studio 2015\projects\etgg2802\etgg2802\debug\music_ogg.obj
c:\users\spart\onedrive\documents\visual studio 2015\projects\etgg2802\etgg2802\debug\png.obj
c:\users\spart\onedrive\documents\visual studio 2015\projects\etgg2802\etgg2802\debug\pngerror.obj
c:\users\spart\onedrive\documents\visual studio 2015\projects\etgg2802\etgg2802\debug\pngget.obj
c:\users\spart\onedrive\documents\visual studio 2015\projects\etgg2802\etgg2802\debug\pngmem.obj
c:\users\spart\onedrive\documents\visual studio 2015\projects\etgg2802\etgg2802\debug\pngpread.obj
c:\users\spart\onedrive\documents\visual studio 2015\projects\etgg2802\etgg2802\debug\pngread.obj
c:\users\spart\onedrive\documents\visual studio 2015\projects\etgg2802\etgg2802\debug\pngrio.obj
c:\users\spart\onedrive\documents\visual studio 2015\projects\etgg2802\etgg2802\debug\pngrtran.obj
c:\users\spart\onedrive\documents\visual studio 2015\projects\etgg2802\etgg2802\debug\pngrutil.obj
c:\users\spart\onedrive\documents\visual studio 2015\projects\etgg2802\etgg2802\debug\pngset.obj
c:\users\spart\onedrive\documents\visual studio 2015\projects\etgg2802\etgg2802\debug\pngtrans.obj
c:\users\spart\onedrive\documents\visual studio 2015\projects\etgg2802\etgg2802\debug\pngwio.obj
c:\users\spart\onedrive\documents\visual studio 2015\projects\etgg2802\etgg2802\debug\framing.obj
c:\users\spart\onedrive\documents\visual studio 2015\projects\etgg2802\etgg2802\debug\gzclose.obj
c:\users\spart\onedrive\documents\visual studio 2015\projects\etgg2802\etgg2802\debug\gzlib.obj
c:\users\spart\onedrive\documents\visual studio 2015\projects\etgg2802\etgg2802\debug\gzread.obj
c:\users\spart\onedrive\documents\visual studio 2015\projects\etgg2802\etgg2802\debug\gzwrite.obj
c:\users\spart\onedrive\documents\visual studio 2015\projects\etgg2802\etgg2802\debug\infback.obj
c:\users\spart\onedrive\documents\visual studio 2015\projects\etgg2802\etgg2802\debug\inffast.obj
c:\users\spart\onedrive\documents\visual studio 2015\projects\etgg2802\etgg2802\debug\inflate.obj
c:\users\spart\onedrive\documents\visual studio 2015\projects\etgg2802\etgg2802\debug\info.obj
c:\users\spart\onedrive\documents\visual studio 2015\projects\etgg2802\etgg2802\debug\inftrees.obj
c:\users\spart\onedrive\documents\visual studio 2015\projects\etgg2802\etgg2802\debug\load_aiff.obj
c:\users\spart\onedrive\documents\visual studio 2015\projects\etgg2802\etgg2802\debug\load_flac.obj
c:\users\spart\onedrive\documents\visual studio 2015\projects\etgg2802\etgg2802\debug\load_mp3.obj
c:\users\spart\onedrive\documents\visual studio 2015\projects\etgg2802\etgg2802\debug\load_ogg.obj
c:\users\spart\onedrive\documents\visual studio 2015\projects\etgg2802\etgg2802\debug\load_voc.obj
c:\users\spart\onedrive\documents\visual studio 2015\projects\etgg2802\etgg2802\debug\lookup.obj
c:\users\spart\onedrive\documents\visual studio 2015\projects\etgg2802\etgg2802\debug\lpc.obj
c:\users\spart\onedrive\documents\visual studio 2015\projects\etgg2802\etgg2802\debug\lsp.obj
c:\users\spart\onedrive\documents\visual studio 2015\projects\etgg2802\etgg2802\debug\mapping0.obj
c:\users\spart\onedrive\documents\visual studio 2015\projects\etgg2802\etgg2802\debug\mdct.obj
c:\users\spart\onedrive\documents\visual studio 2015\projects\etgg2802\etgg2802\debug\bitrate.obj
c:\users\spart\onedrive\documents\visual studio 2015\projects\etgg2802\etgg2802\debug\bitwise.obj
c:\users\spart\onedrive\documents\visual studio 2015\projects\etgg2802\etgg2802\debug\block.obj
c:\users\spart\onedrive\documents\visual studio 2015\projects\etgg2802\etgg2802\debug\codebook.obj
c:\users\spart\onedrive\documents\visual studio 2015\projects\etgg2802\etgg2802\debug\compress.obj
c:\users\spart\onedrive\documents\visual studio 2015\projects\etgg2802\etgg2802\debug\crc32.obj
c:\users\spart\onedrive\documents\visual studio 2015\projects\etgg2802\etgg2802\debug\deflate.obj
c:\users\spart\onedrive\documents\visual studio 2015\projects\etgg2802\etgg2802\debug\dynamic_flac.obj
c:\users\spart\onedrive\documents\visual studio 2015\projects\etgg2802\etgg2802\debug\dynamic_fluidsynth.obj
c:\users\spart\onedrive\documents\visual studio 2015\projects\etgg2802\etgg2802\debug\dynamic_mod.obj
c:\users\spart\onedrive\documents\visual studio 2015\projects\etgg2802\etgg2802\debug\dynamic_modplug.obj
c:\users\spart\onedrive\documents\visual studio 2015\projects\etgg2802\etgg2802\debug\dynamic_mp3.obj
c:\users\spart\onedrive\documents\visual studio 2015\projects\etgg2802\etgg2802\debug\dynamic_ogg.obj
c:\users\spart\onedrive\documents\visual studio 2015\projects\etgg2802\etgg2802\debug\effects_internal.obj
c:\users\spart\onedrive\documents\visual studio 2015\projects\etgg2802\etgg2802\debug\effect_position.obj
c:\users\spart\onedrive\documents\visual studio 2015\projects\etgg2802\etgg2802\debug\effect_stereoreverse.obj
c:\users\spart\onedrive\documents\visual studio 2015\projects\etgg2802\etgg2802\debug\envelope.obj
c:\users\spart\onedrive\documents\visual studio 2015\projects\etgg2802\etgg2802\debug\floor0.obj
c:\users\spart\onedrive\documents\visual studio 2015\projects\etgg2802\etgg2802\debug\floor1.obj
c:\users\spart\onedrive\documents\visual studio 2015\projects\etgg2802\etgg2802\debug\fluidsynth.obj
c:\users\spart\onedrive\documents\visual studio 2015\projects\etgg2802\etgg2802\debug\adler32.obj
c:\users\spart\onedrive\documents\visual studio 2015\projects\etgg2802\etgg2802\debug\analysis.obj
c:\users\spart\onedrive\documents\visual studio 2015\projects\etgg2802\etgg2802\debug\glfuncs.obj
c:\users\spart\onedrive\documents\visual studio 2015\projects\etgg2802\etgg2802\debug\main.obj
c:\users\spart\onedrive\documents\visual studio 2015\projects\etgg2802\debug\etgg2802.lib
c:\users\spart\onedrive\documents\visual studio 2015\projects\etgg2802\debug\etgg2802.exp
c:\users\spart\onedrive\documents\visual studio 2015\projects\etgg2802\debug\etgg2802.ilk
c:\users\spart\onedrive\documents\visual studio 2015\projects\etgg2802\debug\etgg2802.exe
c:\users\spart\onedrive\documents\visual studio 2015\projects\etgg2802\debug\etgg2802.pdb
c:\users\spart\onedrive\documents\visual studio 2015\projects\etgg2802\etgg2802\debug\etgg2802.tlog\cl.command.1.tlog
c:\users\spart\onedrive\documents\visual studio 2015\projects\etgg2802\etgg2802\debug\etgg2802.tlog\cl.read.1.tlog
c:\users\spart\onedrive\documents\visual studio 2015\projects\etgg2802\etgg2802\debug\etgg2802.tlog\cl.write.1.tlog
c:\users\spart\onedrive\documents\visual studio 2015\projects\etgg2802\etgg2802\debug\etgg2802.tlog\etgg2802.write.1u.tlog
c:\users\spart\onedrive\documents\visual studio 2015\projects\etgg2802\etgg2802\debug\etgg2802.tlog\link.command.1.tlog
c:\users\spart\onedrive\documents\visual studio 2015\projects\etgg2802\etgg2802\debug\etgg2802.tlog\link.read.1.tlog
c:\users\spart\onedrive\documents\visual studio 2015\projects\etgg2802\etgg2802\debug\etgg2802.tlog\link.write.1.tlog
